<html xmlns:math="http://exslt.org/math" xmlns:testng="http://testng.org">
   <head>
      <title>TestNG Results</title>
      <meta http-equiv="content-type" content="text/html; charset=utf-8"></meta>
      <meta http-equiv="pragma" content="no-cache"></meta>
      <meta http-equiv="cache-control" content="max-age=0"></meta>
      <meta http-equiv="cache-control" content="no-cache"></meta>
      <meta http-equiv="cache-control" content="no-store"></meta>
      <LINK rel="stylesheet" href="style.css"></LINK>
      <script type="text/javascript" src="main.js"></script>
   </head>
   <body>
      <table width="100%" style="font-size: 16px; margin-bottom: 10px;" cellspacing="1">
         <tr>
            <td width="100%">
               All methods in suite
               
               <b>Default suite</b>
            </td>
            <td style="background-color: #FFBBBB; padding: 3px 3px 3px 0;" align="center">
               <div style="width: 50px;">2</div>
            </td>
            <td style="background-color: lightgreen; padding: 3px 3px 3px 0;" align="center">
               <div style="width: 50px;">6</div>
            </td>
            <td style="background-color: #FFFFBB; padding: 3px 3px 3px 0;" align="center">
               <div style="width: 50px;">0</div>
            </td>
            <td align="center" style="background-color: #eaf0f7; padding: 3px 3px 3px 0;">
               <div style="width: 50px;">8</div>
            </td>
            <td align="center"
                style="font-weight: bold; background-color: #eaf0f7; padding: 3px 3px 3px 0;">
               <div style="width: 50px;">75%</div>
            </td>
         </tr>
      </table>
      <div style="width: 200px;">
         <label for="groupMethodsCheckBox" style="font-weight: bold; margin: 0;">
            <input id="groupMethodsCheckBox" type="checkbox" onclick="switchTestMethodsView(this)"></input>
            Group by class
            
         </label>
         <br></br>
         <label for="methodsFilter_ALL" style="font-weight: bold; margin: 0;">
            <input id="methodsFilter_ALL" type="checkbox"
                   onclick="testMethodsFilterChanged(this, 'ALL')"></input>
            All
            
         </label>
      </div>
      <label for="methodsFilter_FAIL" style="margin-left: 20px;">
         <input id="methodsFilter_FAIL" type="checkbox"
                onclick="testMethodsFilterChanged(this, 'FAIL')"
                checked=""></input>
         Failed
         
      </label>
      <label for="methodsFilter_PASS">
         <input id="methodsFilter_PASS" type="checkbox"
                onclick="testMethodsFilterChanged(this, 'PASS')"
                checked=""></input>
         Passed
         
      </label>
      <label for="methodsFilter_SKIP">
         <input id="methodsFilter_SKIP" type="checkbox"
                onclick="testMethodsFilterChanged(this, 'SKIP')"
                checked=""></input>
         Skipped
         
      </label>
      <label for="methodsFilter_CONF">
         <input id="methodsFilter_CONF" type="checkbox"
                onclick="testMethodsFilterChanged(this, 'CONF')"></input>
         Config
         
      </label>
      <br></br>
      <div id="testMethodsByStatus">
         <table class="testMethodsTable" cellpadding="0" cellspacing="0">
            <tr class="methodsTableHeader">
               <td width="100%">Name</td>
               <td nowrap="true">Started</td>
               <td nowrap="true">Duration</td>
               <td>Exception</td>
            </tr>
            <tr id="TestForDebug.TestForNG_testCat10_byStatus_failed_FAIL1_row"
                class="testMethodStatusFAIL">
               <td width="100%" class="firstMethodCell">
                  <a onclick="toggleDetailsVisibility('TestForDebug.TestForNG_testCat10_byStatus_failed_FAIL1_details')">testCat10()</a>
               </td>
               <td nowrap="true">22:07:49</td>
               <td nowrap="true" align="right">0 ms
                  
               </td>
               <td nowrap="true">
                  <a onclick="toggleDetailsVisibility('TestForDebug.TestForNG_testCat10_byStatus_failed_FAIL1_exception')">java.lang.AssertionError: 
                     expected [true] but found [false]
                     
                  </a>
                   
                  
               </td>
            </tr>
            <tr>
               <td colspan="4" class="detailsBox">
                  <div id="TestForDebug.TestForNG_testCat10_byStatus_failed_FAIL1_details"
                       class="testMethodDetails">
                     <div>
                        <b>Name: </b>testCat10
                     </div>
                     <div>
                        <b>Signature: </b>testCat10()[pri:0, instance:TestForDebug.TestForNG@1bc6271]
                     </div>
                     <div>
                        <b>Start time: </b>22:07:49
                     </div>
                     <div>
                        <b>End time: </b>22:07:49
                     </div>
                     <div>
                        <b>Duration: </b>0 ms
                        
                     </div>
                  </div>
               </td>
            </tr>
            <tr>
               <td colspan="4" class="detailsBox">
                  <div id="TestForDebug.TestForNG_testCat10_byStatus_failed_FAIL1_exception"
                       class="testMethodDetails">
                     <pre style="padding: 5px; margin: 0;">java.lang.AssertionError: expected [true] but found [false]
                        	at org.testng.Assert.fail(Assert.java:94)
                        	at org.testng.Assert.failNotEquals(Assert.java:494)
                        	at org.testng.Assert.assertEquals(Assert.java:123)
                        	at org.testng.Assert.assertEquals(Assert.java:286)
                        	at org.testng.Assert.assertEquals(Assert.java:296)
                        	at TestForDebug.TestForNG.testCat10(TestForNG.java:54)
                        	at sun.reflect.NativeMethodAccessorImpl.invoke0(Native Method)
                        	at sun.reflect.NativeMethodAccessorImpl.invoke(Unknown Source)
                        	at sun.reflect.DelegatingMethodAccessorImpl.invoke(Unknown Source)
                        	at java.lang.reflect.Method.invoke(Unknown Source)
                        	at org.testng.internal.MethodInvocationHelper.invokeMethod(MethodInvocationHelper.java:84)
                        	at org.testng.internal.Invoker.invokeMethod(Invoker.java:714)
                        	at org.testng.internal.Invoker.invokeTestMethod(Invoker.java:901)
                        	at org.testng.internal.Invoker.invokeTestMethods(Invoker.java:1231)
                        	at org.testng.internal.TestMethodWorker.invokeTestMethods(TestMethodWorker.java:127)
                        	at org.testng.internal.TestMethodWorker.run(TestMethodWorker.java:111)
                        	at org.testng.TestRunner.privateRun(TestRunner.java:767)
                        	at org.testng.TestRunner.run(TestRunner.java:617)
                        	at org.testng.SuiteRunner.runTest(SuiteRunner.java:334)
                        	at org.testng.SuiteRunner.runSequentially(SuiteRunner.java:329)
                        	at org.testng.SuiteRunner.privateRun(SuiteRunner.java:291)
                        	at org.testng.SuiteRunner.run(SuiteRunner.java:240)
                        	at org.testng.SuiteRunnerWorker.runSuite(SuiteRunnerWorker.java:52)
                        	at org.testng.SuiteRunnerWorker.run(SuiteRunnerWorker.java:86)
                        	at org.testng.TestNG.runSuitesSequentially(TestNG.java:1224)
                        	at org.testng.TestNG.runSuitesLocally(TestNG.java:1149)
                        	at org.testng.TestNG.run(TestNG.java:1057)
                        	at org.testng.remote.RemoteTestNG.run(RemoteTestNG.java:111)
                        	at org.testng.remote.RemoteTestNG.initAndRun(RemoteTestNG.java:204)
                        	at org.testng.remote.RemoteTestNG.main(RemoteTestNG.java:175)
                     </pre>
                  </div>
               </td>
            </tr>
            <tr id="TestForDebug.TestForNG_testCat9_byStatus_failed_FAIL2_row"
                class="testMethodStatusFAIL">
               <td width="100%" class="firstMethodCell">
                  <a onclick="toggleDetailsVisibility('TestForDebug.TestForNG_testCat9_byStatus_failed_FAIL2_details')">testCat9()</a>
               </td>
               <td nowrap="true">22:07:49</td>
               <td nowrap="true" align="right">0 ms
                  
               </td>
               <td nowrap="true">
                  <a onclick="toggleDetailsVisibility('TestForDebug.TestForNG_testCat9_byStatus_failed_FAIL2_exception')">java.lang.AssertionError: 
                     expected [true] but found [false]
                     
                  </a>
                   
                  
               </td>
            </tr>
            <tr>
               <td colspan="4" class="detailsBox">
                  <div id="TestForDebug.TestForNG_testCat9_byStatus_failed_FAIL2_details"
                       class="testMethodDetails">
                     <div>
                        <b>Name: </b>testCat9
                     </div>
                     <div>
                        <b>Signature: </b>testCat9()[pri:0, instance:TestForDebug.TestForNG@1bc6271]
                     </div>
                     <div>
                        <b>Start time: </b>22:07:49
                     </div>
                     <div>
                        <b>End time: </b>22:07:49
                     </div>
                     <div>
                        <b>Duration: </b>0 ms
                        
                     </div>
                  </div>
               </td>
            </tr>
            <tr>
               <td colspan="4" class="detailsBox">
                  <div id="TestForDebug.TestForNG_testCat9_byStatus_failed_FAIL2_exception"
                       class="testMethodDetails">
                     <pre style="padding: 5px; margin: 0;">java.lang.AssertionError: expected [true] but found [false]
                        	at org.testng.Assert.fail(Assert.java:94)
                        	at org.testng.Assert.failNotEquals(Assert.java:494)
                        	at org.testng.Assert.assertEquals(Assert.java:123)
                        	at org.testng.Assert.assertEquals(Assert.java:286)
                        	at org.testng.Assert.assertEquals(Assert.java:296)
                        	at TestForDebug.TestForNG.testCat9(TestForNG.java:19)
                        	at sun.reflect.NativeMethodAccessorImpl.invoke0(Native Method)
                        	at sun.reflect.NativeMethodAccessorImpl.invoke(Unknown Source)
                        	at sun.reflect.DelegatingMethodAccessorImpl.invoke(Unknown Source)
                        	at java.lang.reflect.Method.invoke(Unknown Source)
                        	at org.testng.internal.MethodInvocationHelper.invokeMethod(MethodInvocationHelper.java:84)
                        	at org.testng.internal.Invoker.invokeMethod(Invoker.java:714)
                        	at org.testng.internal.Invoker.invokeTestMethod(Invoker.java:901)
                        	at org.testng.internal.Invoker.invokeTestMethods(Invoker.java:1231)
                        	at org.testng.internal.TestMethodWorker.invokeTestMethods(TestMethodWorker.java:127)
                        	at org.testng.internal.TestMethodWorker.run(TestMethodWorker.java:111)
                        	at org.testng.TestRunner.privateRun(TestRunner.java:767)
                        	at org.testng.TestRunner.run(TestRunner.java:617)
                        	at org.testng.SuiteRunner.runTest(SuiteRunner.java:334)
                        	at org.testng.SuiteRunner.runSequentially(SuiteRunner.java:329)
                        	at org.testng.SuiteRunner.privateRun(SuiteRunner.java:291)
                        	at org.testng.SuiteRunner.run(SuiteRunner.java:240)
                        	at org.testng.SuiteRunnerWorker.runSuite(SuiteRunnerWorker.java:52)
                        	at org.testng.SuiteRunnerWorker.run(SuiteRunnerWorker.java:86)
                        	at org.testng.TestNG.runSuitesSequentially(TestNG.java:1224)
                        	at org.testng.TestNG.runSuitesLocally(TestNG.java:1149)
                        	at org.testng.TestNG.run(TestNG.java:1057)
                        	at org.testng.remote.RemoteTestNG.run(RemoteTestNG.java:111)
                        	at org.testng.remote.RemoteTestNG.initAndRun(RemoteTestNG.java:204)
                        	at org.testng.remote.RemoteTestNG.main(RemoteTestNG.java:175)
                     </pre>
                  </div>
               </td>
            </tr>
            <tr id="TestForDebug.TestForNG_testCat_byStatus_passed_PASS1_row"
                class="testMethodStatusPASS">
               <td width="100%" class="firstMethodCell">
                  <a onclick="toggleDetailsVisibility('TestForDebug.TestForNG_testCat_byStatus_passed_PASS1_details')">testCat()</a>
               </td>
               <td nowrap="true">22:07:49</td>
               <td nowrap="true" align="right">15 ms
                  
               </td>
               <td nowrap="true">
                   
                  
               </td>
            </tr>
            <tr>
               <td colspan="4" class="detailsBox">
                  <div id="TestForDebug.TestForNG_testCat_byStatus_passed_PASS1_details"
                       class="testMethodDetails">
                     <div>
                        <b>Name: </b>testCat
                     </div>
                     <div>
                        <b>Signature: </b>testCat()[pri:0, instance:TestForDebug.TestForNG@1bc6271]
                     </div>
                     <div>
                        <b>Start time: </b>22:07:49
                     </div>
                     <div>
                        <b>End time: </b>22:07:49
                     </div>
                     <div>
                        <b>Duration: </b>15 ms
                        
                     </div>
                  </div>
               </td>
            </tr>
            <tr></tr>
            <tr id="TestForDebug.TestForNG_testCat2_byStatus_passed_PASS2_row"
                class="testMethodStatusPASS">
               <td width="100%" class="firstMethodCell">
                  <a onclick="toggleDetailsVisibility('TestForDebug.TestForNG_testCat2_byStatus_passed_PASS2_details')">testCat2()</a>
               </td>
               <td nowrap="true">22:07:49</td>
               <td nowrap="true" align="right">16 ms
                  
               </td>
               <td nowrap="true">
                   
                  
               </td>
            </tr>
            <tr>
               <td colspan="4" class="detailsBox">
                  <div id="TestForDebug.TestForNG_testCat2_byStatus_passed_PASS2_details"
                       class="testMethodDetails">
                     <div>
                        <b>Name: </b>testCat2
                     </div>
                     <div>
                        <b>Signature: </b>testCat2()[pri:0, instance:TestForDebug.TestForNG@1bc6271]
                     </div>
                     <div>
                        <b>Start time: </b>22:07:49
                     </div>
                     <div>
                        <b>End time: </b>22:07:49
                     </div>
                     <div>
                        <b>Duration: </b>16 ms
                        
                     </div>
                  </div>
               </td>
            </tr>
            <tr></tr>
            <tr id="TestForDebug.TestForNG_testCat8_byStatus_passed_PASS3_row"
                class="testMethodStatusPASS">
               <td width="100%" class="firstMethodCell">
                  <a onclick="toggleDetailsVisibility('TestForDebug.TestForNG_testCat8_byStatus_passed_PASS3_details')">testCat8()</a>
               </td>
               <td nowrap="true">22:07:49</td>
               <td nowrap="true" align="right">0 ms
                  
               </td>
               <td nowrap="true">
                   
                  
               </td>
            </tr>
            <tr>
               <td colspan="4" class="detailsBox">
                  <div id="TestForDebug.TestForNG_testCat8_byStatus_passed_PASS3_details"
                       class="testMethodDetails">
                     <div>
                        <b>Name: </b>testCat8
                     </div>
                     <div>
                        <b>Signature: </b>testCat8()[pri:0, instance:TestForDebug.TestForNG@1bc6271]
                     </div>
                     <div>
                        <b>Start time: </b>22:07:49
                     </div>
                     <div>
                        <b>End time: </b>22:07:49
                     </div>
                     <div>
                        <b>Duration: </b>0 ms
                        
                     </div>
                  </div>
               </td>
            </tr>
            <tr></tr>
            <tr id="TestForDebug.TestForNG_testCat7_byStatus_passed_PASS4_row"
                class="testMethodStatusPASS">
               <td width="100%" class="firstMethodCell">
                  <a onclick="toggleDetailsVisibility('TestForDebug.TestForNG_testCat7_byStatus_passed_PASS4_details')">testCat7()</a>
               </td>
               <td nowrap="true">22:07:49</td>
               <td nowrap="true" align="right">0 ms
                  
               </td>
               <td nowrap="true">
                   
                  
               </td>
            </tr>
            <tr>
               <td colspan="4" class="detailsBox">
                  <div id="TestForDebug.TestForNG_testCat7_byStatus_passed_PASS4_details"
                       class="testMethodDetails">
                     <div>
                        <b>Name: </b>testCat7
                     </div>
                     <div>
                        <b>Signature: </b>testCat7()[pri:0, instance:TestForDebug.TestForNG@1bc6271]
                     </div>
                     <div>
                        <b>Start time: </b>22:07:49
                     </div>
                     <div>
                        <b>End time: </b>22:07:49
                     </div>
                     <div>
                        <b>Duration: </b>0 ms
                        
                     </div>
                  </div>
               </td>
            </tr>
            <tr></tr>
            <tr id="TestForDebug.TestForNG_testCat5_byStatus_passed_PASS5_row"
                class="testMethodStatusPASS">
               <td width="100%" class="firstMethodCell">
                  <a onclick="toggleDetailsVisibility('TestForDebug.TestForNG_testCat5_byStatus_passed_PASS5_details')">testCat5()</a>
               </td>
               <td nowrap="true">22:07:49</td>
               <td nowrap="true" align="right">0 ms
                  
               </td>
               <td nowrap="true">
                   
                  
               </td>
            </tr>
            <tr>
               <td colspan="4" class="detailsBox">
                  <div id="TestForDebug.TestForNG_testCat5_byStatus_passed_PASS5_details"
                       class="testMethodDetails">
                     <div>
                        <b>Name: </b>testCat5
                     </div>
                     <div>
                        <b>Signature: </b>testCat5()[pri:0, instance:TestForDebug.TestForNG@1bc6271]
                     </div>
                     <div>
                        <b>Start time: </b>22:07:49
                     </div>
                     <div>
                        <b>End time: </b>22:07:49
                     </div>
                     <div>
                        <b>Duration: </b>0 ms
                        
                     </div>
                  </div>
               </td>
            </tr>
            <tr></tr>
            <tr id="TestForDebug.TestForNG_testCat4_byStatus_passed_PASS6_row"
                class="testMethodStatusPASS">
               <td width="100%" class="firstMethodCell">
                  <a onclick="toggleDetailsVisibility('TestForDebug.TestForNG_testCat4_byStatus_passed_PASS6_details')">testCat4()</a>
               </td>
               <td nowrap="true">22:07:49</td>
               <td nowrap="true" align="right">0 ms
                  
               </td>
               <td nowrap="true">
                   
                  
               </td>
            </tr>
            <tr>
               <td colspan="4" class="detailsBox">
                  <div id="TestForDebug.TestForNG_testCat4_byStatus_passed_PASS6_details"
                       class="testMethodDetails">
                     <div>
                        <b>Name: </b>testCat4
                     </div>
                     <div>
                        <b>Signature: </b>testCat4()[pri:0, instance:TestForDebug.TestForNG@1bc6271]
                     </div>
                     <div>
                        <b>Start time: </b>22:07:49
                     </div>
                     <div>
                        <b>End time: </b>22:07:49
                     </div>
                     <div>
                        <b>Duration: </b>0 ms
                        
                     </div>
                  </div>
               </td>
            </tr>
            <tr></tr>
         </table>
      </div>
      <div id="testMethodsByClass" style="display: none;">
         <table class="testMethodsTable" cellpadding="0" cellspacing="0">
            <tr>
               <td colspan="4">
                  <h3 style="display: inline;">TestForDebug.TestForNG</h3>
               </td>
            </tr>
            <tr class="methodsTableHeader">
               <td width="100%">Name</td>
               <td nowrap="true">Started</td>
               <td nowrap="true">Duration</td>
               <td>Exception</td>
            </tr>
            <tr id="TestForDebug.TestForNG_testCat_byClass_PASS1_row"
                class="testMethodStatusPASS">
               <td width="100%" class="firstMethodCell">
                  <a onclick="toggleDetailsVisibility('TestForDebug.TestForNG_testCat_byClass_PASS1_details')">testCat()</a>
               </td>
               <td nowrap="true">22:07:49</td>
               <td nowrap="true" align="right">15 ms
                  
               </td>
               <td nowrap="true">
                   
                  
               </td>
            </tr>
            <tr>
               <td colspan="4" class="detailsBox">
                  <div id="TestForDebug.TestForNG_testCat_byClass_PASS1_details"
                       class="testMethodDetails">
                     <div>
                        <b>Name: </b>testCat
                     </div>
                     <div>
                        <b>Signature: </b>testCat()[pri:0, instance:TestForDebug.TestForNG@1bc6271]
                     </div>
                     <div>
                        <b>Start time: </b>22:07:49
                     </div>
                     <div>
                        <b>End time: </b>22:07:49
                     </div>
                     <div>
                        <b>Duration: </b>15 ms
                        
                     </div>
                  </div>
               </td>
            </tr>
            <tr></tr>
            <tr id="TestForDebug.TestForNG_testCat10_byClass_FAIL2_row"
                class="testMethodStatusFAIL">
               <td width="100%" class="firstMethodCell">
                  <a onclick="toggleDetailsVisibility('TestForDebug.TestForNG_testCat10_byClass_FAIL2_details')">testCat10()</a>
               </td>
               <td nowrap="true">22:07:49</td>
               <td nowrap="true" align="right">0 ms
                  
               </td>
               <td nowrap="true">
                  <a onclick="toggleDetailsVisibility('TestForDebug.TestForNG_testCat10_byClass_FAIL2_exception')">java.lang.AssertionError: 
                     expected [true] but found [false]
                     
                  </a>
                   
                  
               </td>
            </tr>
            <tr>
               <td colspan="4" class="detailsBox">
                  <div id="TestForDebug.TestForNG_testCat10_byClass_FAIL2_details"
                       class="testMethodDetails">
                     <div>
                        <b>Name: </b>testCat10
                     </div>
                     <div>
                        <b>Signature: </b>testCat10()[pri:0, instance:TestForDebug.TestForNG@1bc6271]
                     </div>
                     <div>
                        <b>Start time: </b>22:07:49
                     </div>
                     <div>
                        <b>End time: </b>22:07:49
                     </div>
                     <div>
                        <b>Duration: </b>0 ms
                        
                     </div>
                  </div>
               </td>
            </tr>
            <tr>
               <td colspan="4" class="detailsBox">
                  <div id="TestForDebug.TestForNG_testCat10_byClass_FAIL2_exception"
                       class="testMethodDetails">
                     <pre style="padding: 5px; margin: 0;">java.lang.AssertionError: expected [true] but found [false]
                        	at org.testng.Assert.fail(Assert.java:94)
                        	at org.testng.Assert.failNotEquals(Assert.java:494)
                        	at org.testng.Assert.assertEquals(Assert.java:123)
                        	at org.testng.Assert.assertEquals(Assert.java:286)
                        	at org.testng.Assert.assertEquals(Assert.java:296)
                        	at TestForDebug.TestForNG.testCat10(TestForNG.java:54)
                        	at sun.reflect.NativeMethodAccessorImpl.invoke0(Native Method)
                        	at sun.reflect.NativeMethodAccessorImpl.invoke(Unknown Source)
                        	at sun.reflect.DelegatingMethodAccessorImpl.invoke(Unknown Source)
                        	at java.lang.reflect.Method.invoke(Unknown Source)
                        	at org.testng.internal.MethodInvocationHelper.invokeMethod(MethodInvocationHelper.java:84)
                        	at org.testng.internal.Invoker.invokeMethod(Invoker.java:714)
                        	at org.testng.internal.Invoker.invokeTestMethod(Invoker.java:901)
                        	at org.testng.internal.Invoker.invokeTestMethods(Invoker.java:1231)
                        	at org.testng.internal.TestMethodWorker.invokeTestMethods(TestMethodWorker.java:127)
                        	at org.testng.internal.TestMethodWorker.run(TestMethodWorker.java:111)
                        	at org.testng.TestRunner.privateRun(TestRunner.java:767)
                        	at org.testng.TestRunner.run(TestRunner.java:617)
                        	at org.testng.SuiteRunner.runTest(SuiteRunner.java:334)
                        	at org.testng.SuiteRunner.runSequentially(SuiteRunner.java:329)
                        	at org.testng.SuiteRunner.privateRun(SuiteRunner.java:291)
                        	at org.testng.SuiteRunner.run(SuiteRunner.java:240)
                        	at org.testng.SuiteRunnerWorker.runSuite(SuiteRunnerWorker.java:52)
                        	at org.testng.SuiteRunnerWorker.run(SuiteRunnerWorker.java:86)
                        	at org.testng.TestNG.runSuitesSequentially(TestNG.java:1224)
                        	at org.testng.TestNG.runSuitesLocally(TestNG.java:1149)
                        	at org.testng.TestNG.run(TestNG.java:1057)
                        	at org.testng.remote.RemoteTestNG.run(RemoteTestNG.java:111)
                        	at org.testng.remote.RemoteTestNG.initAndRun(RemoteTestNG.java:204)
                        	at org.testng.remote.RemoteTestNG.main(RemoteTestNG.java:175)
                     </pre>
                  </div>
               </td>
            </tr>
            <tr id="TestForDebug.TestForNG_testCat2_byClass_PASS3_row"
                class="testMethodStatusPASS">
               <td width="100%" class="firstMethodCell">
                  <a onclick="toggleDetailsVisibility('TestForDebug.TestForNG_testCat2_byClass_PASS3_details')">testCat2()</a>
               </td>
               <td nowrap="true">22:07:49</td>
               <td nowrap="true" align="right">16 ms
                  
               </td>
               <td nowrap="true">
                   
                  
               </td>
            </tr>
            <tr>
               <td colspan="4" class="detailsBox">
                  <div id="TestForDebug.TestForNG_testCat2_byClass_PASS3_details"
                       class="testMethodDetails">
                     <div>
                        <b>Name: </b>testCat2
                     </div>
                     <div>
                        <b>Signature: </b>testCat2()[pri:0, instance:TestForDebug.TestForNG@1bc6271]
                     </div>
                     <div>
                        <b>Start time: </b>22:07:49
                     </div>
                     <div>
                        <b>End time: </b>22:07:49
                     </div>
                     <div>
                        <b>Duration: </b>16 ms
                        
                     </div>
                  </div>
               </td>
            </tr>
            <tr></tr>
            <tr id="TestForDebug.TestForNG_testCat8_byClass_PASS4_row"
                class="testMethodStatusPASS">
               <td width="100%" class="firstMethodCell">
                  <a onclick="toggleDetailsVisibility('TestForDebug.TestForNG_testCat8_byClass_PASS4_details')">testCat8()</a>
               </td>
               <td nowrap="true">22:07:49</td>
               <td nowrap="true" align="right">0 ms
                  
               </td>
               <td nowrap="true">
                   
                  
               </td>
            </tr>
            <tr>
               <td colspan="4" class="detailsBox">
                  <div id="TestForDebug.TestForNG_testCat8_byClass_PASS4_details"
                       class="testMethodDetails">
                     <div>
                        <b>Name: </b>testCat8
                     </div>
                     <div>
                        <b>Signature: </b>testCat8()[pri:0, instance:TestForDebug.TestForNG@1bc6271]
                     </div>
                     <div>
                        <b>Start time: </b>22:07:49
                     </div>
                     <div>
                        <b>End time: </b>22:07:49
                     </div>
                     <div>
                        <b>Duration: </b>0 ms
                        
                     </div>
                  </div>
               </td>
            </tr>
            <tr></tr>
            <tr id="TestForDebug.TestForNG_testCat7_byClass_PASS5_row"
                class="testMethodStatusPASS">
               <td width="100%" class="firstMethodCell">
                  <a onclick="toggleDetailsVisibility('TestForDebug.TestForNG_testCat7_byClass_PASS5_details')">testCat7()</a>
               </td>
               <td nowrap="true">22:07:49</td>
               <td nowrap="true" align="right">0 ms
                  
               </td>
               <td nowrap="true">
                   
                  
               </td>
            </tr>
            <tr>
               <td colspan="4" class="detailsBox">
                  <div id="TestForDebug.TestForNG_testCat7_byClass_PASS5_details"
                       class="testMethodDetails">
                     <div>
                        <b>Name: </b>testCat7
                     </div>
                     <div>
                        <b>Signature: </b>testCat7()[pri:0, instance:TestForDebug.TestForNG@1bc6271]
                     </div>
                     <div>
                        <b>Start time: </b>22:07:49
                     </div>
                     <div>
                        <b>End time: </b>22:07:49
                     </div>
                     <div>
                        <b>Duration: </b>0 ms
                        
                     </div>
                  </div>
               </td>
            </tr>
            <tr></tr>
            <tr id="TestForDebug.TestForNG_testCat9_byClass_FAIL6_row"
                class="testMethodStatusFAIL">
               <td width="100%" class="firstMethodCell">
                  <a onclick="toggleDetailsVisibility('TestForDebug.TestForNG_testCat9_byClass_FAIL6_details')">testCat9()</a>
               </td>
               <td nowrap="true">22:07:49</td>
               <td nowrap="true" align="right">0 ms
                  
               </td>
               <td nowrap="true">
                  <a onclick="toggleDetailsVisibility('TestForDebug.TestForNG_testCat9_byClass_FAIL6_exception')">java.lang.AssertionError: 
                     expected [true] but found [false]
                     
                  </a>
                   
                  
               </td>
            </tr>
            <tr>
               <td colspan="4" class="detailsBox">
                  <div id="TestForDebug.TestForNG_testCat9_byClass_FAIL6_details"
                       class="testMethodDetails">
                     <div>
                        <b>Name: </b>testCat9
                     </div>
                     <div>
                        <b>Signature: </b>testCat9()[pri:0, instance:TestForDebug.TestForNG@1bc6271]
                     </div>
                     <div>
                        <b>Start time: </b>22:07:49
                     </div>
                     <div>
                        <b>End time: </b>22:07:49
                     </div>
                     <div>
                        <b>Duration: </b>0 ms
                        
                     </div>
                  </div>
               </td>
            </tr>
            <tr>
               <td colspan="4" class="detailsBox">
                  <div id="TestForDebug.TestForNG_testCat9_byClass_FAIL6_exception"
                       class="testMethodDetails">
                     <pre style="padding: 5px; margin: 0;">java.lang.AssertionError: expected [true] but found [false]
                        	at org.testng.Assert.fail(Assert.java:94)
                        	at org.testng.Assert.failNotEquals(Assert.java:494)
                        	at org.testng.Assert.assertEquals(Assert.java:123)
                        	at org.testng.Assert.assertEquals(Assert.java:286)
                        	at org.testng.Assert.assertEquals(Assert.java:296)
                        	at TestForDebug.TestForNG.testCat9(TestForNG.java:19)
                        	at sun.reflect.NativeMethodAccessorImpl.invoke0(Native Method)
                        	at sun.reflect.NativeMethodAccessorImpl.invoke(Unknown Source)
                        	at sun.reflect.DelegatingMethodAccessorImpl.invoke(Unknown Source)
                        	at java.lang.reflect.Method.invoke(Unknown Source)
                        	at org.testng.internal.MethodInvocationHelper.invokeMethod(MethodInvocationHelper.java:84)
                        	at org.testng.internal.Invoker.invokeMethod(Invoker.java:714)
                        	at org.testng.internal.Invoker.invokeTestMethod(Invoker.java:901)
                        	at org.testng.internal.Invoker.invokeTestMethods(Invoker.java:1231)
                        	at org.testng.internal.TestMethodWorker.invokeTestMethods(TestMethodWorker.java:127)
                        	at org.testng.internal.TestMethodWorker.run(TestMethodWorker.java:111)
                        	at org.testng.TestRunner.privateRun(TestRunner.java:767)
                        	at org.testng.TestRunner.run(TestRunner.java:617)
                        	at org.testng.SuiteRunner.runTest(SuiteRunner.java:334)
                        	at org.testng.SuiteRunner.runSequentially(SuiteRunner.java:329)
                        	at org.testng.SuiteRunner.privateRun(SuiteRunner.java:291)
                        	at org.testng.SuiteRunner.run(SuiteRunner.java:240)
                        	at org.testng.SuiteRunnerWorker.runSuite(SuiteRunnerWorker.java:52)
                        	at org.testng.SuiteRunnerWorker.run(SuiteRunnerWorker.java:86)
                        	at org.testng.TestNG.runSuitesSequentially(TestNG.java:1224)
                        	at org.testng.TestNG.runSuitesLocally(TestNG.java:1149)
                        	at org.testng.TestNG.run(TestNG.java:1057)
                        	at org.testng.remote.RemoteTestNG.run(RemoteTestNG.java:111)
                        	at org.testng.remote.RemoteTestNG.initAndRun(RemoteTestNG.java:204)
                        	at org.testng.remote.RemoteTestNG.main(RemoteTestNG.java:175)
                     </pre>
                  </div>
               </td>
            </tr>
            <tr id="TestForDebug.TestForNG_testCat5_byClass_PASS7_row"
                class="testMethodStatusPASS">
               <td width="100%" class="firstMethodCell">
                  <a onclick="toggleDetailsVisibility('TestForDebug.TestForNG_testCat5_byClass_PASS7_details')">testCat5()</a>
               </td>
               <td nowrap="true">22:07:49</td>
               <td nowrap="true" align="right">0 ms
                  
               </td>
               <td nowrap="true">
                   
                  
               </td>
            </tr>
            <tr>
               <td colspan="4" class="detailsBox">
                  <div id="TestForDebug.TestForNG_testCat5_byClass_PASS7_details"
                       class="testMethodDetails">
                     <div>
                        <b>Name: </b>testCat5
                     </div>
                     <div>
                        <b>Signature: </b>testCat5()[pri:0, instance:TestForDebug.TestForNG@1bc6271]
                     </div>
                     <div>
                        <b>Start time: </b>22:07:49
                     </div>
                     <div>
                        <b>End time: </b>22:07:49
                     </div>
                     <div>
                        <b>Duration: </b>0 ms
                        
                     </div>
                  </div>
               </td>
            </tr>
            <tr></tr>
            <tr id="TestForDebug.TestForNG_testCat4_byClass_PASS8_row"
                class="testMethodStatusPASS">
               <td width="100%" class="firstMethodCell">
                  <a onclick="toggleDetailsVisibility('TestForDebug.TestForNG_testCat4_byClass_PASS8_details')">testCat4()</a>
               </td>
               <td nowrap="true">22:07:49</td>
               <td nowrap="true" align="right">0 ms
                  
               </td>
               <td nowrap="true">
                   
                  
               </td>
            </tr>
            <tr>
               <td colspan="4" class="detailsBox">
                  <div id="TestForDebug.TestForNG_testCat4_byClass_PASS8_details"
                       class="testMethodDetails">
                     <div>
                        <b>Name: </b>testCat4
                     </div>
                     <div>
                        <b>Signature: </b>testCat4()[pri:0, instance:TestForDebug.TestForNG@1bc6271]
                     </div>
                     <div>
                        <b>Start time: </b>22:07:49
                     </div>
                     <div>
                        <b>End time: </b>22:07:49
                     </div>
                     <div>
                        <b>Duration: </b>0 ms
                        
                     </div>
                  </div>
               </td>
            </tr>
            <tr></tr>
         </table>
         <br></br>
      </div>
      <div style="margin-top: 15px; color: gray; text-align: center; font-size: 9px;">
         Generated with
         
         <a href="http://code.google.com/p/testng-xslt/" style="color: #8888aa;"
            target="_blank">
            TestNG XSLT
            
         </a>
      </div>
   </body>
</html>